The system is: Windows - 10.0.18363 - AMD64
Compiling the C compiler identification source file "CMakeCCompilerId.c" succeeded.
Compiler: E:/Visual Studio/VC/Tools/MSVC/14.25.28610/bin/HostX64/x64/cl.exe 
Build flags: 
Id flags:  

The output was:
0
用于 x64 的 Microsoft (R) C/C++ 优化编译器 19.25.28612 版
版权所有(C) Microsoft Corporation。保留所有权利。

CMakeCCompilerId.c
Microsoft (R) Incremental Linker Version 14.25.28612.0
Copyright (C) Microsoft Corporation.  All rights reserved.

/out:CMakeCCompilerId.exe 
CMakeCCompilerId.obj 


Compilation of the C compiler identification source "CMakeCCompilerId.c" produced "CMakeCCompilerId.exe"

Compilation of the C compiler identification source "CMakeCCompilerId.c" produced "CMakeCCompilerId.obj"

The C compiler identification is MSVC, found in "F:/大四上/毕设/代码阅读/aflgo/distance_calculator/out/build/x64-Debug/CMakeFiles/3.16.19112601-MSVC_2/CompilerIdC/CMakeCCompilerId.exe"

Compiling the CXX compiler identification source file "CMakeCXXCompilerId.cpp" succeeded.
Compiler: E:/Visual Studio/VC/Tools/MSVC/14.25.28610/bin/HostX64/x64/cl.exe 
Build flags: 
Id flags:  

The output was:
0
用于 x64 的 Microsoft (R) C/C++ 优化编译器 19.25.28612 版
版权所有(C) Microsoft Corporation。保留所有权利。

CMakeCXXCompilerId.cpp
Microsoft (R) Incremental Linker Version 14.25.28612.0
Copyright (C) Microsoft Corporation.  All rights reserved.

/out:CMakeCXXCompilerId.exe 
CMakeCXXCompilerId.obj 


Compilation of the CXX compiler identification source "CMakeCXXCompilerId.cpp" produced "CMakeCXXCompilerId.exe"

Compilation of the CXX compiler identification source "CMakeCXXCompilerId.cpp" produced "CMakeCXXCompilerId.obj"

The CXX compiler identification is MSVC, found in "F:/大四上/毕设/代码阅读/aflgo/distance_calculator/out/build/x64-Debug/CMakeFiles/3.16.19112601-MSVC_2/CompilerIdCXX/CMakeCXXCompilerId.exe"

Determining if the C compiler works passed with the following output:
Change Dir: F:/大四上/毕设/代码阅读/aflgo/distance_calculator/out/build/x64-Debug/CMakeFiles/CMakeTmp

Run Build Command(s):E:/Visual Studio/Common7/IDE/CommonExtensions/Microsoft/CMake/Ninja/ninja.exe cmTC_a5094 && [1/2] Building C object CMakeFiles\cmTC_a5094.dir\testCCompiler.c.obj
[2/2] Linking C executable cmTC_a5094.exe



Detecting C compiler ABI info compiled with the following output:
Change Dir: F:/大四上/毕设/代码阅读/aflgo/distance_calculator/out/build/x64-Debug/CMakeFiles/CMakeTmp

Run Build Command(s):E:/Visual Studio/Common7/IDE/CommonExtensions/Microsoft/CMake/Ninja/ninja.exe cmTC_9797c && [1/2] Building C object CMakeFiles\cmTC_9797c.dir\CMakeCCompilerABI.c.obj
[2/2] Linking C executable cmTC_9797c.exe



Determining if the CXX compiler works passed with the following output:
Change Dir: F:/大四上/毕设/代码阅读/aflgo/distance_calculator/out/build/x64-Debug/CMakeFiles/CMakeTmp

Run Build Command(s):E:/Visual Studio/Common7/IDE/CommonExtensions/Microsoft/CMake/Ninja/ninja.exe cmTC_1d10b && [1/2] Building CXX object CMakeFiles\cmTC_1d10b.dir\testCXXCompiler.cxx.obj
[2/2] Linking CXX executable cmTC_1d10b.exe



Detecting CXX compiler ABI info compiled with the following output:
Change Dir: F:/大四上/毕设/代码阅读/aflgo/distance_calculator/out/build/x64-Debug/CMakeFiles/CMakeTmp

Run Build Command(s):E:/Visual Studio/Common7/IDE/CommonExtensions/Microsoft/CMake/Ninja/ninja.exe cmTC_c9753 && [1/2] Building CXX object CMakeFiles\cmTC_c9753.dir\CMakeCXXCompilerABI.cpp.obj
[2/2] Linking CXX executable cmTC_c9753.exe



